[1] Actual Problems of Mind
    homepage: http://journal.kdpu.edu.ua/apd/index
    try favicon: https://journal.kdpu.edu.ua/public/journals/1/favicon_en_US.png
      image 65x66 -> 2076-7382.png
[2] Advances in Philosophy
    homepage: http://www.hanspub.org/journal/acpp
    try favicon: http://www.hanspub.org/favicon.ico
      image 32x32 -> 2169-2599.png
[3] African Philosophy
    homepage: http://www.africanphilosophy.com/
    try favicon: http://www.africanphilosophy.com/favicon.ico
      not an image (ctype=text/html, 636 bytes)
    NO USABLE IMAGE
[4] American Association of Philosophy Teachers Studies in Pedagogy
    homepage: https://www.pdcnet.org/aaptstudies
    try og:image: https://www.pdcnet.org/pdc/productspdc_sandbox2.nsf/LUprodukt/pdc_aaptstudies/$file/AAPT Studies.jpg
      download failed
    try favicon: https://www.pdcnet.org/favicon.ico
      image 16x16 -> 2380-4076.ico
[5] American Journal of Theology & Philosophy
    homepage: http://www.press.uillinois.edu/journals/ajtp.html
    try og:image: http://www.press.uillinois.edu/images/UIP_logo.jpg
      not an image (ctype=text/html, 22429 bytes)
    try favicon: http://www.press.uillinois.edu/favicon.ico
      image 64x64 -> 0194-3448.ico
[6] Analytic Philosophy
    homepage: https://onlinelibrary.wiley.com/journal/2153960X
    try favicon: https://onlinelibrary.wiley.com/favicon.ico
      image 48x48 -> 2153-9596.ico
[7] Ancient Philosophy
    homepage: http://www.ancientphilosophy.com/
    try favicon: http://www.ancientphilosophy.com/favicon.ico
      not an image (ctype=text/html, 209 bytes)
    NO USABLE IMAGE
[8] Angewandte Philosophie
    homepage: http://www.v-r.de/title-16-16/angewandte%5Fphilosophie%5Feine%5Finternationale%5Fzeitschrift%5Fapplied%5Fphilosophy%5Fan%5Finternational%5Fjournal-1035141/#chapters
    try og:image: https://www.vandenhoeck-ruprecht-verlage.com/media/image/d6/83/d0/VERLAGE_WEISS_VR_BOE_BRILL_UNI_KOMBI_RGB.png
      image 1023x480 -> 2198-8404.png
      thumbnailed -> 512x240
[9] Annals of "Ştefan cel Mare" University of Suceava. Philosophy, Social and Human Disciplines Series
    homepage: http://www.fig.usv.ro/socio-umane/index.html
    retry html fetch
    FETCH FAILED
[10] Arabic Sciences and Philosophy
    homepage: http://journals.cambridge.org/action/displayJournal?jid=asp
    try og:image: https://static.cambridge.org/covers/ASP_0_0_0/arabic_sciences and philosophy.jpg?send-full-size-image=true
      download failed
    try favicon: http://journals.cambridge.org/core/cambridge-core/public/images/favicon.ico
      not an image (ctype=text/html, 703621 bytes)
    NO USABLE IMAGE
[11] Archiv für Rechts- und Sozialphilosophie
    homepage: http://www.steiner-verlag.de/ARSP/
    try og:image: https://www.steiner-verlag.de/media/a9/07/52/1624516926/FSV_Logo.png
      image 318x76 -> 0001-2343.png
[12] Argumenta - Journal of Analytic Philosophy
    homepage: https://www.argumenta.org
    try og:image: https://www.argumenta.org/wp-content/uploads/2022/12/provaFacebook-2.jpg
      image 800x800 -> argumenta-journal-of-analytic-philosophy.jpg
      thumbnailed -> 512x512
[13] Asian Journal of Philosophy
    homepage: https://www.springer.com/journal/44204
    try og:image: https://media.springernature.com/w92/springer-static/cover/journal/44204.jpg
      image 92x140 -> 2731-4642.jpg
[14] Asian Philosophy
    homepage: https://www.tandfonline.com/toc/casp20/current
    try favicon: https://www.tandfonline.com/favicon.ico
      image 16x16 -> 0955-2367.ico
[15] Aufklärung journal of philosophy
    homepage: http://periodicos.ufpb.br/ojs/index.php/arf/issue/current
    try favicon: http://periodicos.ufpb.br/favicon.ico
      not an image (ctype=text/html, 171720 bytes)
    NO USABLE IMAGE
[16] Auslegung a Journal of Philosophy
    homepage: http://catalog.hathitrust.org/api/volumes/oclc/5081985.html
    try favicon: http://catalog.hathitrust.org/favicon.ico
      not an image (ctype=text/html, 5787 bytes)
    NO USABLE IMAGE
[17] Australasian Journal of Philosophy
    homepage: http://www.aap.org.au/AJP
    try favicon: http://www.aap.org.au/Resources/Pictures/favicon.ico
      image 48x48 -> 0004-8402.ico
[18] Australasian Journal of Psychology and Philosophy
    homepage: https://www.tandfonline.com/toc/rajp19/current
    try favicon: https://www.tandfonline.com/favicon.ico
      image 16x16 -> 1832-8660.ico
[19] Axiomathes
    homepage: https://link.springer.com/journal/10516
    try og:image: https://media.springernature.com/w92/springer-static/cover/journal/10516.jpg
      image 92x139 -> 1122-1151.jpg
[20] Balkan Journal of Philosophy
    homepage: http://www.pdcnet.org/bjp
    try og:image: https://www.pdcnet.org/pdc/productspdc_sandbox2.nsf/LUprodukt/pdc_bjp/$file/bjp.jpg
      image 200x200 -> 1313-888X.jpg
[21] Behavior and philosophy
    homepage: http://bibpurl.oclc.org/web/53487
    try apple-touch-icon: https://behavior.org/wp-content/uploads/2017/05/cropped-cambridge-center-behavioral-studies-header-desktop-logo-180x180.png
      image 180x180 -> 1053-8348.png
[22] Between the Species An Online Journal for the Study of Philosophy and Animals
    homepage: http://search.ebscohost.com/direct.asp?db=hlh&jid=1GN1&scope=site
    try favicon: http://search.ebscohost.com/favicon.ico
      not an image (ctype=text/html, 1929 bytes)
    NO USABLE IMAGE
[23] Beytulhikme An International Journal of Philosophy
    homepage: http://www.beytulhikme.org/Anasayfa.aspx
    try favicon: http://www.beytulhikme.org/favicon.ico
      not an image (ctype=text/html, 1483 bytes)
    NO USABLE IMAGE
[24] Biology & Philosophy
    homepage: http://www.springer.com/philosophy/epistemology+and+philosophy+of+science/journal/10539
    try og:image: https://media.springernature.com/w92/springer-static/cover/journal/10539.jpg
      image 92x141 -> 0169-3867.jpg
[25] Bowling Green studies in applied philosophy
    homepage: http://www.pdcnet.org/bgstudies
    try og:image: https://www.pdcnet.org/pdc/productspdc_sandbox2.nsf/LUprodukt/pdc_bgstudies/$file/bgstudies.jpg
      image 200x200 -> 1946-4290.jpg
[26] British Journal for the History of Philosophy
    homepage: http://www.tandfonline.com/rbjh
    try favicon: http://www.tandfonline.com/favicon.ico
      image 16x16 -> 0960-8788.ico
[27] Bulletin of the Karaganda university History Philosophy series
    homepage: http://history-philosophy-vestnik.ksu.kz
    try favicon: https://history-philosophy-vestnik.buketov.edu.kz/public/journals/1/favicon_en_US.png
      image 1000x1000 -> 2518-7236.png
      thumbnailed -> 512x512
[28] Call to earth
    homepage: https://www.pdcnet.org/call/toc
    try favicon: https://www.pdcnet.org/favicon.ico
      image 16x16 -> 2576-0890.ico
[29] Canadian Journal of Philosophy
    homepage: http://www.canadianjournalofphilosophy.com/
    try og:image: http://static1.squarespace.com/static/54d11a03e4b0ea27977d8abb/t/655cc35f3e26755f554164d0/1700578143246/CJP-monogram-bkgd_1280x853.jpg?format=1500w
      image 1280x499 -> 0045-5091.jpg
      thumbnailed -> 512x199
[30] Canadian Journal of Philosophy Supplementary Volume
    homepage: https://www.cambridge.org/core/journals/canadian-journal-of-philosophy/past-title/canadian-journal-of-philosophy-supplementary-volume/all-issues/2F758B693BB7ACF040685E0ED6509196
    try og:image: https://static.cambridge.org/covers/CAN_0_0_0/canadian_journal of philosophy.jpg?send-full-size-image=true
      download failed
    try favicon: https://www.cambridge.org/core/cambridge-core/public/images/favicon.ico
      image 16x16 -> 0229-7051.png
[31] childhood & philosophy
    homepage: http://www.e-publicacoes.uerj.br/index.php/childhood/
    try favicon: https://www.e-publicacoes.uerj.br/public/journals/95/favicon_en_US.png
      image 201x201 -> 1984-5987.png
[32] Chinese Studies in Philosophy
    homepage: https://www.tandfonline.com/toc/mcsp20/current
    try favicon: https://www.tandfonline.com/favicon.ico
      image 16x16 -> 0023-8627.ico
[33] chromatikon
    homepage: http://secure.pdcnet.org/chromatikon
    try favicon: http://secure.pdcnet.org/favicon.ico
      not an image (ctype=text/html, 252 bytes)
    NO USABLE IMAGE
[34] Comparative and Continental Philosophy
    homepage: https://www.tandfonline.com/toc/yccp20/current
    try favicon: https://www.tandfonline.com/favicon.ico
      image 16x16 -> 1757-0638.ico
[35] Comparative Philosophy An International Journal of Constructive Engagement of Distinct Approaches toward World Philosophy
    homepage: http://www.comparativephilosophy.org
    try favicon: http://www.comparativephilosophy.org/favicon.ico
      not an image (ctype=text/html, 37653 bytes)
    NO USABLE IMAGE
[36] Con-Textos Kantianos International Journal of Philosophy
    homepage: http://con-textoskantianos.net/index.php/revista
    try og:image: https://imagizer.imageshack.com/img921/6774/XcmwMa.png
      image 1254x1254 -> 2386-7655.jpg
      thumbnailed -> 512x512
[37] Conatus
    homepage: http://www.conatus.philosophy.uoa.gr/
    try favicon: http://www.conatus.philosophy.uoa.gr/typo3conf/ext/uoa_website/Resources/Public/Images/favicon.png
      image 16x16 -> 2459-3842.png
[38] Concept philosophy religion culture
    homepage: https://concept.mgimo.ru/jour
    try og:image: https://concept.mgimo.ru/public/journals/1/homeHeaderTitleImage_ru_RU.jpg
      image 160x227 -> 2541-8831.jpg
[39] Confero Essays on Education Philosophy and Politics
    homepage: http://confero.ep.liu.se/
    try favicon: https://confero.ep.liu.se/public/journals/4/favicon_en_US.png
      image 1420x1420 -> 2001-4562.png
      thumbnailed -> 512x512
[40] Continental Philosophy Review
    homepage: https://www.springer.com/journal/11007
    try og:image: https://media.springernature.com/w92/springer-static/cover/journal/11007.jpg
      image 92x139 -> 1387-2842.jpg
[41] Criminal Law and Philosophy
    homepage: https://www.springer.com/journal/11572
    try og:image: https://media.springernature.com/w92/springer-static/cover/journal/11572.jpg
      image 92x140 -> 1871-9791.jpg
[42] Critical Philosophy of Race
    homepage: http://www.jstor.org/journals/21658692.htmll
    try apple-touch-icon: http://www.jstor.org/assets/global_20171026T1134/build/images/apple-touch-icon.png
      image 144x144 -> 2165-8684.png
[43] Critical Review of International Social and Political Philosophy
    homepage: https://www.tandfonline.com/toc/fcri20/current
    try favicon: https://www.tandfonline.com/favicon.ico
      image 16x16 -> 1369-8230.ico
[44] Croatian Journal of Philosophy
    homepage: http://kruzak.hr/?content=emagazines&magazine_id=41&lang=en
    try favicon: http://kruzak.hr/favicon.ico
      not an image (ctype=image/x-icon, 0 bytes)
    NO USABLE IMAGE
[45] Dao
    homepage: https://link.springer.com/journal/11712
    try og:image: https://media.springernature.com/w92/springer-static/cover/journal/11712.jpg
      image 92x139 -> 1540-3009.jpg
[46] Design Philosophy Papers
    homepage: https://www.tandfonline.com/toc/rfdp20/current
    try favicon: https://www.tandfonline.com/favicon.ico
      image 16x16 -> 1448-7136.ico
[47] Diakrisis Yearbook of Theology and Philosophy
    homepage: http://diakrisis.orth.ro
    try favicon: http://diakrisis.orth.ro/favicon.ico
      not an image (ctype=, 0 bytes)
    NO USABLE IMAGE
[48] Dialogues in philosophy mental and neuro sciences
    homepage: http://www.crossingdialogues.com/journal.htm
    try og:image: https://www.crossingdialogues.it/wp-content/uploads/2023/07/psicologi-roma.jpg
      image 1920x730 -> 2035-0031.jpg
      thumbnailed -> 512x194
[49] Dianoia The Undergraduate Philosophy Journal of Boston College
    homepage: https://ejournals.bc.edu/index.php/dianoia/index
    try favicon: https://ejournals.bc.edu/public/journals/23/favicon_en_US.png
      image 32x32 -> 2476-1818.png
[50] Economics and Philosophy
    homepage: http://journals.cambridge.org/EAP
    try og:image: https://static.cambridge.org/covers/EAP_0_0_0/economics_& philosophy.jpg?send-full-size-image=true
      download failed
    try favicon: http://journals.cambridge.org/core/cambridge-core/public/images/favicon.ico
      not an image (ctype=text/html, 703614 bytes)
    NO USABLE IMAGE
[51] Educational Philosophy and Theory
    homepage: https://www.tandfonline.com/toc/rept20/current
    try favicon: https://www.tandfonline.com/favicon.ico
      image 16x16 -> 0013-1857.ico
[52] Egyptian Journal of History and Philosophy of Science
    homepage: https://ejhps.journals.ekb.eg
    retry html fetch
    FETCH FAILED
[53] Eidos A Journal for Philosophy of Culture
    homepage: http://eidos.uw.edu.pl/
    try og:image: https://eidos.uw.edu.pl/wp-content/uploads/2017/09/88x31.png
      image 88x31 -> 2544-302X.png
[54] Environment and Planning F
    homepage: https://us.sagepub.com/en-us/nam/environment-and-planning-f/journal203707
    try apple-touch-icon: https://us.sagepub.com/global/icons/apple-touch-icon-180x180-precomposed.png
      image 180x180 -> 2634-9825.png
[55] Environmental Philosophy
    homepage: http://www.pdcnet.org/envirophil
    try og:image: https://www.pdcnet.org/pdc/productspdc_sandbox2.nsf/LUprodukt/pdc_envirophil/$file/envirophil.jpg
      image 200x200 -> 1718-0198.jpg
[56] Epistemological Studies in Philosophy Social and Political Sciences
    homepage: https://visnukpfs.dp.ua/index.php/PFS
    try favicon: https://visnukpfs.dp.ua/public/journals/1/favicon_uk_UA.jpg
      image 59x84 -> 2618-1274.jpg
[57] Epoché A Journal for the History of Philosophy
    homepage: http://www.pdcnet.org/epoche
    try og:image: https://www.pdcnet.org/pdc/productspdc_sandbox2.nsf/LUprodukt/pdc_epoche/$file/epoche.jpg
      image 200x200 -> 1085-1968.jpg
[58] Erasmus Journal for Philosophy and Economics
    homepage: https://ejpe.org/
    try favicon: https://ejpe.org/public/journals/1/favicon_en_US.png
      image 32x32 -> 1876-9098.png
[59] Ergo an Open Access Journal of Philosophy
    homepage: https://www.ergophiljournal.org
    try favicon: https://www.ergophiljournal.org/favicon.ico
      not an image (ctype=text/html, 4480 bytes)
    NO USABLE IMAGE
[60] Essays in Philosophy
    homepage: http://sorrel.humboldt.edu/%7Eessays/
    retry html fetch
    FETCH FAILED
[61] Essays in the Philosophy of Humanism
    homepage: http://www.essaysinhumanism.org/
    retry html fetch
    FETCH FAILED
[62] ethic - An international Journal for Moral Phylosophy
    homepage: http://www.cfh.ufsc.br/ethic@/
    try favicon: https://periodicos.ufsc.br/public/journals/31/favicon_pt_BR.png
      image 515x484 -> 1677-2954.png
      thumbnailed -> 512x481
[63] European Journal for Philosophy of Science
    homepage: https://www.springer.com/journal/13194
    try og:image: https://media.springernature.com/w92/springer-static/cover/journal/13194.jpg
      image 92x139 -> 1879-4912.jpg
[64] European journal of analytic philosophy
    homepage: https://www.ffri.hr/phil/casopis/index.html
    try favicon: https://www.ffri.hr/favicon.ico
      image 16x16 -> 1845-8475.ico
[65] European Journal of Philosophy
    homepage: http://onlinelibrary.wiley.com/journal/10.1111/(ISSN)1468-0378
    try favicon: http://onlinelibrary.wiley.com/favicon.ico
      image 48x48 -> 0966-8373.ico
[66] European Journal of Pragmatism and American Philosophy
    homepage: https://journals.openedition.org/ejpap/
    try favicon: https://journals.openedition.org/favicon.ico
      not an image (ctype=text/html, 6898 bytes)
    NO USABLE IMAGE
[67] Faith and Philosophy
    homepage: http://www.faithandphilosophy.com/index.php
    try favicon: http://www.faithandphilosophy.com/favicon.ico
      not an image (ctype=, 0 bytes)
    NO USABLE IMAGE
[68] Felsefe Arkivi / Archives of Philosophy
    homepage: https://iupress.istanbul.edu.tr/en/journal/felsefearkivi/home
    try apple-touch-icon: https://iupress.istanbul.edu.tr/assets/theme/img/apple-touch-icon.png
      image 180x180 -> 0378-2816.png
[69] Feminist Philosophy Quarterly
    homepage: https://ojs.lib.uwo.ca/index.php/fpq/index
    try favicon: https://ojs.lib.uwo.ca/favicon.ico
      image 16x16 -> 2371-2570.ico
[70] Film-Philosophy
    homepage: https://www.euppublishing.com/loi/film
    try favicon: https://www.euppublishing.com/favicon.ico
      image 48x48 -> 1466-4615.ico
[71] Filosofia Unisinos
    homepage: http://revistas.unisinos.br/index.php/filosofia
    try favicon: http://revistas.unisinos.br/favicon.ico